<?xml version="1.0" encoding="UTF-8"?>
<!-- Generated by org.testng.reporters.JUnitReportReporter -->
<testsuite skipped="1" hostname="DESKTOP-U7PQ2TU" name="com.mcmp.tests.LoginTest" tests="2" failures="0" timestamp="2021-07-05T14:58:03 IST" time="15.806" errors="1">
  <testcase name="loginTest" time="0.244" classname="com.mcmp.tests.LoginTest">
    <skipped/>
  </testcase> <!-- loginTest -->
  <system-out>
<div style='color: #D20000; font-size: small; border-botton: none;'>2021-Jul-05 14:57:59,356 : &nbsp;Execution skipped for TEST method loginTest<br/>[@Step check for login errors] Login Error message found - Incorrect IBMid or password. Please try again!</div>  </system-out>
  <testcase name="login" time="15.562" classname="com.mcmp.tests.LoginTest">
    <error type="com.automacent.fwk.exceptions.StepExecutionException" message="[@Step check for login errors] Login Error message found - Incorrect IBMid or password. Please try again!">
      <![CDATA[com.automacent.fwk.exceptions.StepExecutionException: [@Step check for login errors] Login Error message found - Incorrect IBMid or password. Please try again!
at com.automacent.fwk.execution.StepAndActionCompiler.aroundStepCompilerAspect(StepAndActionCompiler.java:119)
at com.pom.steps.login.LoginSteps.checkForLoginErrors(LoginSteps.java:46)
at com.mcmp.tests.LoginTest.login_aroundBody0(LoginTest.java:28)
at com.mcmp.tests.LoginTest$AjcClosure1.run(LoginTest.java:1)
at org.aspectj.runtime.reflect.JoinPointImpl.proceed(JoinPointImpl.java:167)
at com.automacent.fwk.execution.TestNgCompiler.aroundBeforeCompilerAspect(TestNgCompiler.java:55)
at com.mcmp.tests.LoginTest.login(LoginTest.java:25)
at sun.reflect.NativeMethodAccessorImpl.invoke0(Native Method)
at sun.reflect.NativeMethodAccessorImpl.invoke(NativeMethodAccessorImpl.java:62)
at sun.reflect.DelegatingMethodAccessorImpl.invoke(DelegatingMethodAccessorImpl.java:43)
at java.lang.reflect.Method.invoke(Method.java:498)
at org.testng.internal.MethodInvocationHelper.invokeMethod(MethodInvocationHelper.java:132)
at org.testng.internal.MethodInvocationHelper.invokeMethodConsideringTimeout(MethodInvocationHelper.java:61)
at org.testng.internal.ConfigInvoker.invokeConfigurationMethod(ConfigInvoker.java:366)
at org.testng.internal.ConfigInvoker.invokeConfigurations(ConfigInvoker.java:320)
at org.testng.internal.TestMethodWorker.invokeBeforeClassMethods(TestMethodWorker.java:176)
at org.testng.internal.TestMethodWorker.run(TestMethodWorker.java:122)
at java.util.ArrayList.forEach(ArrayList.java:1259)
at org.testng.TestRunner.privateRun(TestRunner.java:764)
at org.testng.TestRunner.run(TestRunner.java:585)
at org.testng.SuiteRunner.runTest(SuiteRunner.java:384)
at org.testng.SuiteRunner.access$000(SuiteRunner.java:28)
at org.testng.SuiteRunner$SuiteWorker.run(SuiteRunner.java:425)
at org.testng.internal.thread.ThreadUtil.lambda$execute$0(ThreadUtil.java:66)
at java.util.concurrent.FutureTask.run(FutureTask.java:266)
at java.util.concurrent.ThreadPoolExecutor.runWorker(ThreadPoolExecutor.java:1149)
at java.util.concurrent.ThreadPoolExecutor$Worker.run(ThreadPoolExecutor.java:624)
at java.lang.Thread.run(Thread.java:748)
Caused by: java.lang.AssertionError: Login Error message found - Incorrect IBMid or password. Please try again!
at org.testng.Assert.fail(Assert.java:99)
at com.pom.steps.login.LoginSteps.checkForLoginErrors_aroundBody8(LoginSteps.java:51)
at com.pom.steps.login.LoginSteps$AjcClosure9.run(LoginSteps.java:1)
at org.aspectj.runtime.reflect.JoinPointImpl.proceed(JoinPointImpl.java:167)
at com.automacent.fwk.execution.StepAndActionCompiler.aroundStepCompilerAspect(StepAndActionCompiler.java:115)
... 27 more
]]>
    </error>
  </testcase> <!-- login -->
  <system-out>
<div style='color: black; font-size: small; border-bottom: solid 1px silver;'>2021-Jul-05 14:57:43,866 : &nbsp;login (uiautomcmpuser@outlook.com, Automcmpuser@000)</div> <div style='color: black; font-size: small; border-botton: none;'>2021-Jul-05 14:57:43,873 : &nbsp;&nbsp;&nbsp;&nbsp;&nbsp;&nbsp;&nbsp;confirm login page is loaded</div> <div style='color: black; font-size: small; border-botton: none;'>2021-Jul-05 14:57:43,876 : &nbsp;&nbsp;&nbsp;&nbsp;&nbsp;&nbsp;&nbsp;&nbsp;&nbsp;&nbsp;&nbsp;validate login page is loaded</div> <div style='color: black; font-size: small; border-botton: none;'>2021-Jul-05 14:57:43,877 : &nbsp;&nbsp;&nbsp;&nbsp;&nbsp;&nbsp;&nbsp;&nbsp;&nbsp;&nbsp;&nbsp;&nbsp;&nbsp;&nbsp;&nbsp;is user name field found?</div> <div style='color: black; font-size: small; border-botton: none;'>2021-Jul-05 14:57:43,917 : &nbsp;&nbsp;&nbsp;&nbsp;&nbsp;&nbsp;&nbsp;&nbsp;&nbsp;&nbsp;&nbsp;&nbsp;&nbsp;&nbsp;&nbsp;&nbsp;&nbsp;&nbsp;&nbsp;proxy element located (webelement)</div> <div style='color: black; font-size: small; border-botton: none;'>2021-Jul-05 14:57:44,174 : &nbsp;&nbsp;&nbsp;&nbsp;&nbsp;&nbsp;&nbsp;&nbsp;&nbsp;&nbsp;&nbsp;&nbsp;&nbsp;&nbsp;&nbsp;&nbsp;&nbsp;&nbsp;&nbsp;AFTER_ACTION screenshot --&gt;<a href='..\screenshots\itr_com.mcmp.tests.LoginTest_0\scr1.png'><img src='..\screenshots\itr_com.mcmp.tests.LoginTest_0\scr1.png' style='height:25%; width:25%;' alt='itr_com.mcmp.tests.LoginTest_0'/></a></div> <div style='color: black; font-size: small; border-botton: none;'>2021-Jul-05 14:57:44,175 : &nbsp;&nbsp;&nbsp;&nbsp;&nbsp;&nbsp;&nbsp;&nbsp;&nbsp;&nbsp;&nbsp;&nbsp;&nbsp;&nbsp;&nbsp;&nbsp;&nbsp;&nbsp;&nbsp;Is Screenshot taken true</div> <div style='color: black; font-size: small; border-botton: none;'>2021-Jul-05 14:57:44,329 : &nbsp;&nbsp;&nbsp;&nbsp;&nbsp;&nbsp;&nbsp;&nbsp;&nbsp;&nbsp;&nbsp;&nbsp;&nbsp;&nbsp;&nbsp;is user name field found? true</div> <div style='color: black; font-size: small; border-botton: none;'>2021-Jul-05 14:57:44,536 : &nbsp;&nbsp;&nbsp;&nbsp;&nbsp;&nbsp;&nbsp;&nbsp;&nbsp;&nbsp;&nbsp;&nbsp;&nbsp;&nbsp;&nbsp;AFTER_ACTION screenshot --&gt;<a href='..\screenshots\itr_com.mcmp.tests.LoginTest_0\scr3.png'><img src='..\screenshots\itr_com.mcmp.tests.LoginTest_0\scr3.png' style='height:25%; width:25%;' alt='itr_com.mcmp.tests.LoginTest_0'/></a></div> <div style='color: black; font-size: small; border-botton: none;'>2021-Jul-05 14:57:44,537 : &nbsp;&nbsp;&nbsp;&nbsp;&nbsp;&nbsp;&nbsp;&nbsp;&nbsp;&nbsp;&nbsp;&nbsp;&nbsp;&nbsp;&nbsp;Is Screenshot taken true</div> <div style='color: black; font-size: small; border-botton: none;'>2021-Jul-05 14:57:44,541 : &nbsp;&nbsp;&nbsp;&nbsp;&nbsp;&nbsp;&nbsp;&nbsp;&nbsp;&nbsp;&nbsp;&nbsp;&nbsp;&nbsp;&nbsp;is continue button found?</div> <div style='color: black; font-size: small; border-botton: none;'>2021-Jul-05 14:57:44,553 : &nbsp;&nbsp;&nbsp;&nbsp;&nbsp;&nbsp;&nbsp;&nbsp;&nbsp;&nbsp;&nbsp;&nbsp;&nbsp;&nbsp;&nbsp;&nbsp;&nbsp;&nbsp;&nbsp;proxy element located (webelement)</div> <div style='color: black; font-size: small; border-botton: none;'>2021-Jul-05 14:57:44,796 : &nbsp;&nbsp;&nbsp;&nbsp;&nbsp;&nbsp;&nbsp;&nbsp;&nbsp;&nbsp;&nbsp;&nbsp;&nbsp;&nbsp;&nbsp;&nbsp;&nbsp;&nbsp;&nbsp;AFTER_ACTION screenshot --&gt;<a href='..\screenshots\itr_com.mcmp.tests.LoginTest_0\scr5.png'><img src='..\screenshots\itr_com.mcmp.tests.LoginTest_0\scr5.png' style='height:25%; width:25%;' alt='itr_com.mcmp.tests.LoginTest_0'/></a></div> <div style='color: black; font-size: small; border-botton: none;'>2021-Jul-05 14:57:44,797 : &nbsp;&nbsp;&nbsp;&nbsp;&nbsp;&nbsp;&nbsp;&nbsp;&nbsp;&nbsp;&nbsp;&nbsp;&nbsp;&nbsp;&nbsp;&nbsp;&nbsp;&nbsp;&nbsp;Is Screenshot taken true</div> <div style='color: black; font-size: small; border-botton: none;'>2021-Jul-05 14:57:44,945 : &nbsp;&nbsp;&nbsp;&nbsp;&nbsp;&nbsp;&nbsp;&nbsp;&nbsp;&nbsp;&nbsp;&nbsp;&nbsp;&nbsp;&nbsp;is continue button found? true</div> <div style='color: black; font-size: small; border-botton: none;'>2021-Jul-05 14:57:45,188 : &nbsp;&nbsp;&nbsp;&nbsp;&nbsp;&nbsp;&nbsp;&nbsp;&nbsp;&nbsp;&nbsp;&nbsp;&nbsp;&nbsp;&nbsp;AFTER_ACTION screenshot --&gt;<a href='..\screenshots\itr_com.mcmp.tests.LoginTest_0\scr7.png'><img src='..\screenshots\itr_com.mcmp.tests.LoginTest_0\scr7.png' style='height:25%; width:25%;' alt='itr_com.mcmp.tests.LoginTest_0'/></a></div> <div style='color: black; font-size: small; border-botton: none;'>2021-Jul-05 14:57:45,188 : &nbsp;&nbsp;&nbsp;&nbsp;&nbsp;&nbsp;&nbsp;&nbsp;&nbsp;&nbsp;&nbsp;&nbsp;&nbsp;&nbsp;&nbsp;Is Screenshot taken true</div> <div style='color: black; font-size: small; border-botton: none;'>2021-Jul-05 14:57:45,189 : &nbsp;&nbsp;&nbsp;&nbsp;&nbsp;&nbsp;&nbsp;perform login (uiautomcmpuser@outlook.com, Automcmpuser@000)</div> <div style='color: black; font-size: small; border-botton: none;'>2021-Jul-05 14:57:45,189 : &nbsp;&nbsp;&nbsp;&nbsp;&nbsp;&nbsp;&nbsp;&nbsp;&nbsp;&nbsp;&nbsp;enter user name (uiautomcmpuser@outlook.com)</div> <div style='color: black; font-size: small; border-botton: none;'>2021-Jul-05 14:57:45,572 : &nbsp;&nbsp;&nbsp;&nbsp;&nbsp;&nbsp;&nbsp;&nbsp;&nbsp;&nbsp;&nbsp;AFTER_ACTION screenshot --&gt;<a href='..\screenshots\itr_com.mcmp.tests.LoginTest_0\scr9.png'><img src='..\screenshots\itr_com.mcmp.tests.LoginTest_0\scr9.png' style='height:25%; width:25%;' alt='itr_com.mcmp.tests.LoginTest_0'/></a></div> <div style='color: black; font-size: small; border-botton: none;'>2021-Jul-05 14:57:45,572 : &nbsp;&nbsp;&nbsp;&nbsp;&nbsp;&nbsp;&nbsp;&nbsp;&nbsp;&nbsp;&nbsp;Is Screenshot taken true</div> <div style='color: black; font-size: small; border-botton: none;'>2021-Jul-05 14:57:45,573 : &nbsp;&nbsp;&nbsp;&nbsp;&nbsp;&nbsp;&nbsp;&nbsp;&nbsp;&nbsp;&nbsp;validate user name credentials (uiautomcmpuser@outlook.com)</div> <div style='color: black; font-size: small; border-botton: none;'>2021-Jul-05 14:57:45,573 : &nbsp;&nbsp;&nbsp;&nbsp;&nbsp;&nbsp;&nbsp;&nbsp;&nbsp;&nbsp;&nbsp;&nbsp;&nbsp;&nbsp;&nbsp;get user name</div> <div style='color: black; font-size: small; border-botton: none;'>2021-Jul-05 14:57:45,786 : &nbsp;&nbsp;&nbsp;&nbsp;&nbsp;&nbsp;&nbsp;&nbsp;&nbsp;&nbsp;&nbsp;&nbsp;&nbsp;&nbsp;&nbsp;AFTER_ACTION screenshot --&gt;<a href='..\screenshots\itr_com.mcmp.tests.LoginTest_0\scr11.png'><img src='..\screenshots\itr_com.mcmp.tests.LoginTest_0\scr11.png' style='height:25%; width:25%;' alt='itr_com.mcmp.tests.LoginTest_0'/></a></div> <div style='color: black; font-size: small; border-botton: none;'>2021-Jul-05 14:57:45,786 : &nbsp;&nbsp;&nbsp;&nbsp;&nbsp;&nbsp;&nbsp;&nbsp;&nbsp;&nbsp;&nbsp;&nbsp;&nbsp;&nbsp;&nbsp;Is Screenshot taken true</div> <div style='color: black; font-size: small; border-botton: none;'>2021-Jul-05 14:57:45,787 : &nbsp;&nbsp;&nbsp;&nbsp;&nbsp;&nbsp;&nbsp;&nbsp;&nbsp;&nbsp;&nbsp;click continue button</div> <div style='color: black; font-size: small; border-botton: none;'>2021-Jul-05 14:57:46,075 : &nbsp;&nbsp;&nbsp;&nbsp;&nbsp;&nbsp;&nbsp;&nbsp;&nbsp;&nbsp;&nbsp;AFTER_ACTION screenshot --&gt;<a href='..\screenshots\itr_com.mcmp.tests.LoginTest_0\scr13.png'><img src='..\screenshots\itr_com.mcmp.tests.LoginTest_0\scr13.png' style='height:25%; width:25%;' alt='itr_com.mcmp.tests.LoginTest_0'/></a></div> <div style='color: black; font-size: small; border-botton: none;'>2021-Jul-05 14:57:46,075 : &nbsp;&nbsp;&nbsp;&nbsp;&nbsp;&nbsp;&nbsp;&nbsp;&nbsp;&nbsp;&nbsp;Is Screenshot taken true</div> <div style='color: black; font-size: small; border-botton: none;'>2021-Jul-05 14:57:46,076 : &nbsp;&nbsp;&nbsp;&nbsp;&nbsp;&nbsp;&nbsp;&nbsp;&nbsp;&nbsp;&nbsp;enter password (Automcmpuser@000)</div> <div style='color: black; font-size: small; border-botton: none;'>2021-Jul-05 14:57:46,518 : &nbsp;&nbsp;&nbsp;&nbsp;&nbsp;&nbsp;&nbsp;&nbsp;&nbsp;&nbsp;&nbsp;AFTER_ACTION screenshot --&gt;<a href='..\screenshots\itr_com.mcmp.tests.LoginTest_0\scr15.png'><img src='..\screenshots\itr_com.mcmp.tests.LoginTest_0\scr15.png' style='height:25%; width:25%;' alt='itr_com.mcmp.tests.LoginTest_0'/></a></div> <div style='color: black; font-size: small; border-botton: none;'>2021-Jul-05 14:57:46,519 : &nbsp;&nbsp;&nbsp;&nbsp;&nbsp;&nbsp;&nbsp;&nbsp;&nbsp;&nbsp;&nbsp;Is Screenshot taken true</div> <div style='color: black; font-size: small; border-botton: none;'>2021-Jul-05 14:57:46,519 : &nbsp;&nbsp;&nbsp;&nbsp;&nbsp;&nbsp;&nbsp;&nbsp;&nbsp;&nbsp;&nbsp;validate password credentials (Automcmpuser@000)</div> <div style='color: black; font-size: small; border-botton: none;'>2021-Jul-05 14:57:46,520 : &nbsp;&nbsp;&nbsp;&nbsp;&nbsp;&nbsp;&nbsp;&nbsp;&nbsp;&nbsp;&nbsp;&nbsp;&nbsp;&nbsp;&nbsp;get password</div> <div style='color: black; font-size: small; border-botton: none;'>2021-Jul-05 14:57:46,708 : &nbsp;&nbsp;&nbsp;&nbsp;&nbsp;&nbsp;&nbsp;&nbsp;&nbsp;&nbsp;&nbsp;&nbsp;&nbsp;&nbsp;&nbsp;AFTER_ACTION screenshot --&gt;<a href='..\screenshots\itr_com.mcmp.tests.LoginTest_0\scr17.png'><img src='..\screenshots\itr_com.mcmp.tests.LoginTest_0\scr17.png' style='height:25%; width:25%;' alt='itr_com.mcmp.tests.LoginTest_0'/></a></div> <div style='color: black; font-size: small; border-botton: none;'>2021-Jul-05 14:57:46,709 : &nbsp;&nbsp;&nbsp;&nbsp;&nbsp;&nbsp;&nbsp;&nbsp;&nbsp;&nbsp;&nbsp;&nbsp;&nbsp;&nbsp;&nbsp;Is Screenshot taken true</div> <div style='color: black; font-size: small; border-botton: none;'>2021-Jul-05 14:57:46,709 : &nbsp;&nbsp;&nbsp;&nbsp;&nbsp;&nbsp;&nbsp;&nbsp;&nbsp;&nbsp;&nbsp;click login button</div> <div style='color: black; font-size: small; border-botton: none;'>2021-Jul-05 14:57:47,753 : &nbsp;&nbsp;&nbsp;&nbsp;&nbsp;&nbsp;&nbsp;&nbsp;&nbsp;&nbsp;&nbsp;AFTER_ACTION screenshot --&gt;<a href='..\screenshots\itr_com.mcmp.tests.LoginTest_0\scr19.png'><img src='..\screenshots\itr_com.mcmp.tests.LoginTest_0\scr19.png' style='height:25%; width:25%;' alt='itr_com.mcmp.tests.LoginTest_0'/></a></div> <div style='color: black; font-size: small; border-botton: none;'>2021-Jul-05 14:57:47,753 : &nbsp;&nbsp;&nbsp;&nbsp;&nbsp;&nbsp;&nbsp;&nbsp;&nbsp;&nbsp;&nbsp;Is Screenshot taken true</div> <div style='color: black; font-size: small; border-botton: none;'>2021-Jul-05 14:57:47,753 : &nbsp;&nbsp;&nbsp;&nbsp;&nbsp;&nbsp;&nbsp;check for login errors</div> <div style='color: black; font-size: small; border-botton: none;'>2021-Jul-05 14:57:47,754 : &nbsp;&nbsp;&nbsp;&nbsp;&nbsp;&nbsp;&nbsp;&nbsp;&nbsp;&nbsp;&nbsp;is login error found?</div> <div style='color: black; font-size: small; border-botton: none;'>2021-Jul-05 14:57:47,765 : &nbsp;&nbsp;&nbsp;&nbsp;&nbsp;&nbsp;&nbsp;&nbsp;&nbsp;&nbsp;&nbsp;&nbsp;&nbsp;&nbsp;&nbsp;proxy element located (webelement)</div> <div style='color: black; font-size: small; border-botton: none;'>2021-Jul-05 14:57:47,967 : &nbsp;&nbsp;&nbsp;&nbsp;&nbsp;&nbsp;&nbsp;&nbsp;&nbsp;&nbsp;&nbsp;&nbsp;&nbsp;&nbsp;&nbsp;AFTER_ACTION screenshot --&gt;<a href='..\screenshots\itr_com.mcmp.tests.LoginTest_0\scr21.png'><img src='..\screenshots\itr_com.mcmp.tests.LoginTest_0\scr21.png' style='height:25%; width:25%;' alt='itr_com.mcmp.tests.LoginTest_0'/></a></div> <div style='color: black; font-size: small; border-botton: none;'>2021-Jul-05 14:57:47,968 : &nbsp;&nbsp;&nbsp;&nbsp;&nbsp;&nbsp;&nbsp;&nbsp;&nbsp;&nbsp;&nbsp;&nbsp;&nbsp;&nbsp;&nbsp;Is Screenshot taken true</div> <div style='color: black; font-size: small; border-botton: none;'>2021-Jul-05 14:57:48,081 : &nbsp;&nbsp;&nbsp;&nbsp;&nbsp;&nbsp;&nbsp;&nbsp;&nbsp;&nbsp;&nbsp;Stale Element Reference Exception occurred</div> <div style='color: black; font-size: small; border-botton: none;'>2021-Jul-05 14:57:58,089 : &nbsp;&nbsp;&nbsp;&nbsp;&nbsp;&nbsp;&nbsp;&nbsp;&nbsp;&nbsp;&nbsp;Attempting to re-initialize page object</div> <div style='color: black; font-size: small; border-botton: none;'>2021-Jul-05 14:57:58,251 : &nbsp;&nbsp;&nbsp;&nbsp;&nbsp;&nbsp;&nbsp;&nbsp;&nbsp;&nbsp;&nbsp;Reinitialized page object</div> <div style='color: black; font-size: small; border-botton: none;'>2021-Jul-05 14:57:58,251 : &nbsp;&nbsp;&nbsp;&nbsp;&nbsp;&nbsp;&nbsp;&nbsp;&nbsp;&nbsp;&nbsp;Retrying action</div> <div style='color: black; font-size: small; border-botton: none;'>2021-Jul-05 14:57:58,262 : &nbsp;&nbsp;&nbsp;&nbsp;&nbsp;&nbsp;&nbsp;&nbsp;&nbsp;&nbsp;&nbsp;&nbsp;&nbsp;&nbsp;&nbsp;proxy element located (webelement)</div> <div style='color: black; font-size: small; border-botton: none;'>2021-Jul-05 14:57:58,422 : &nbsp;&nbsp;&nbsp;&nbsp;&nbsp;&nbsp;&nbsp;&nbsp;&nbsp;&nbsp;&nbsp;&nbsp;&nbsp;&nbsp;&nbsp;AFTER_ACTION screenshot --&gt;<a href='..\screenshots\itr_com.mcmp.tests.LoginTest_0\scr23.png'><img src='..\screenshots\itr_com.mcmp.tests.LoginTest_0\scr23.png' style='height:25%; width:25%;' alt='itr_com.mcmp.tests.LoginTest_0'/></a></div> <div style='color: black; font-size: small; border-botton: none;'>2021-Jul-05 14:57:58,423 : &nbsp;&nbsp;&nbsp;&nbsp;&nbsp;&nbsp;&nbsp;&nbsp;&nbsp;&nbsp;&nbsp;&nbsp;&nbsp;&nbsp;&nbsp;Is Screenshot taken true</div> <div style='color: black; font-size: small; border-botton: none;'>2021-Jul-05 14:57:58,482 : &nbsp;&nbsp;&nbsp;&nbsp;&nbsp;&nbsp;&nbsp;&nbsp;&nbsp;&nbsp;&nbsp;is login error found? true</div> <div style='color: black; font-size: small; border-botton: none;'>2021-Jul-05 14:57:58,618 : &nbsp;&nbsp;&nbsp;&nbsp;&nbsp;&nbsp;&nbsp;&nbsp;&nbsp;&nbsp;&nbsp;AFTER_ACTION screenshot --&gt;<a href='..\screenshots\itr_com.mcmp.tests.LoginTest_0\scr25.png'><img src='..\screenshots\itr_com.mcmp.tests.LoginTest_0\scr25.png' style='height:25%; width:25%;' alt='itr_com.mcmp.tests.LoginTest_0'/></a></div> <div style='color: black; font-size: small; border-botton: none;'>2021-Jul-05 14:57:58,619 : &nbsp;&nbsp;&nbsp;&nbsp;&nbsp;&nbsp;&nbsp;&nbsp;&nbsp;&nbsp;&nbsp;Is Screenshot taken true</div> <div style='color: black; font-size: small; border-botton: none;'>2021-Jul-05 14:57:58,619 : &nbsp;&nbsp;&nbsp;&nbsp;&nbsp;&nbsp;&nbsp;&nbsp;&nbsp;&nbsp;&nbsp;get login error message</div> <div style='color: black; font-size: small; border-botton: none;'>2021-Jul-05 14:57:58,791 : &nbsp;&nbsp;&nbsp;&nbsp;&nbsp;&nbsp;&nbsp;&nbsp;&nbsp;&nbsp;&nbsp;AFTER_ACTION screenshot --&gt;<a href='..\screenshots\itr_com.mcmp.tests.LoginTest_0\scr27.png'><img src='..\screenshots\itr_com.mcmp.tests.LoginTest_0\scr27.png' style='height:25%; width:25%;' alt='itr_com.mcmp.tests.LoginTest_0'/></a></div> <div style='color: black; font-size: small; border-botton: none;'>2021-Jul-05 14:57:58,791 : &nbsp;&nbsp;&nbsp;&nbsp;&nbsp;&nbsp;&nbsp;&nbsp;&nbsp;&nbsp;&nbsp;Is Screenshot taken true</div> <div style='color: #D20000; font-size: small; border-botton: none;'>2021-Jul-05 14:57:58,794 : &nbsp;&nbsp;&nbsp;login failed<br/>[@Step check for login errors] Login Error message found - Incorrect IBMid or password. Please try again!</div> <div style='color: #D20000; font-size: small; border-botton: none;'>2021-Jul-05 14:57:58,794 : Test failed : [@Step check for login errors] Login Error message found - Incorrect IBMid or password. Please try again!</div> <div style='color: black; font-size: small; border-botton: none;'>2021-Jul-05 14:57:58,934 : &nbsp;&nbsp;&nbsp;<a href='..\screenshots\itr_com.mcmp.tests.LoginTest_0\scr29.png'><img src='..\screenshots\itr_com.mcmp.tests.LoginTest_0\scr29.png' style='height:25%; width:25%;' alt='itr_com.mcmp.tests.LoginTest_0'/></a></div> <div style='color: black; font-size: small; border-botton: none;'>2021-Jul-05 14:57:58,934 : &nbsp;&nbsp;&nbsp;Is Screenshot taken true</div>  </system-out>
</testsuite> <!-- com.mcmp.tests.LoginTest -->
