<?xml version="1.0" encoding="UTF-8"?>
<!-- Generated by org.testng.reporters.JUnitReportReporter -->
<testsuite skipped="3" hostname="DESKTOP-U7PQ2TU" name="com.mcmp.tests.orderIntegration.vra.e2e.e2eCentOS77CompositeVRA82" tests="4" failures="0" timestamp="2021-07-05T14:58:03 IST" time="16.861" errors="1">
  <testcase name="loginTest" time="0.357" classname="com.mcmp.tests.orderIntegration.vra.e2e.e2eCentOS77CompositeVRA82">
    <skipped/>
  </testcase> <!-- loginTest -->
  <system-out>
<div style='color: #D20000; font-size: small; border-botton: none;'>2021-Jul-05 14:57:59,806 : &nbsp;Execution skipped for TEST method loginTest<br/>[@Step check for login errors] Login Error message found - Incorrect IBMid or password. Please try again!</div>  </system-out>
  <testcase name="verifyAdditionalParameters" time="0.454" classname="com.mcmp.tests.orderIntegration.vra.e2e.e2eCentOS77CompositeVRA82">
    <skipped/>
  </testcase> <!-- verifyAdditionalParameters -->
  <system-out>
<div style='color: #D20000; font-size: small; border-botton: none;'>2021-Jul-05 14:58:00,620 : &nbsp;Execution skipped for TEST method verifyAdditionalParameters<br/>[@Step check for login errors] Login Error message found - Incorrect IBMid or password. Please try again!</div>  </system-out>
  <testcase name="verifyMainParameters" time="0.350" classname="com.mcmp.tests.orderIntegration.vra.e2e.e2eCentOS77CompositeVRA82">
    <skipped/>
  </testcase> <!-- verifyMainParameters -->
  <system-out>
<div style='color: #D20000; font-size: small; border-botton: none;'>2021-Jul-05 14:58:01,337 : &nbsp;Execution skipped for TEST method verifyMainParameters<br/>[@Step check for login errors] Login Error message found - Incorrect IBMid or password. Please try again!</div>  </system-out>
  <testcase name="login" time="15.700" classname="com.mcmp.tests.orderIntegration.vra.e2e.e2eCentOS77CompositeVRA82">
    <error type="com.automacent.fwk.exceptions.StepExecutionException" message="[@Step check for login errors] Login Error message found - Incorrect IBMid or password. Please try again!">
      <![CDATA[com.automacent.fwk.exceptions.StepExecutionException: [@Step check for login errors] Login Error message found - Incorrect IBMid or password. Please try again!
at com.automacent.fwk.execution.StepAndActionCompiler.aroundStepCompilerAspect(StepAndActionCompiler.java:119)
at com.pom.steps.login.LoginSteps.checkForLoginErrors(LoginSteps.java:46)
at com.mcmp.tests.LoginTest.login_aroundBody0(LoginTest.java:28)
at com.mcmp.tests.LoginTest$AjcClosure1.run(LoginTest.java:1)
at org.aspectj.runtime.reflect.JoinPointImpl.proceed(JoinPointImpl.java:167)
at com.automacent.fwk.execution.TestNgCompiler.aroundBeforeCompilerAspect(TestNgCompiler.java:55)
at com.mcmp.tests.LoginTest.login(LoginTest.java:25)
at sun.reflect.NativeMethodAccessorImpl.invoke0(Native Method)
at sun.reflect.NativeMethodAccessorImpl.invoke(NativeMethodAccessorImpl.java:62)
at sun.reflect.DelegatingMethodAccessorImpl.invoke(DelegatingMethodAccessorImpl.java:43)
at java.lang.reflect.Method.invoke(Method.java:498)
at org.testng.internal.MethodInvocationHelper.invokeMethod(MethodInvocationHelper.java:132)
at org.testng.internal.MethodInvocationHelper.invokeMethodConsideringTimeout(MethodInvocationHelper.java:61)
at org.testng.internal.ConfigInvoker.invokeConfigurationMethod(ConfigInvoker.java:366)
at org.testng.internal.ConfigInvoker.invokeConfigurations(ConfigInvoker.java:320)
at org.testng.internal.TestMethodWorker.invokeBeforeClassMethods(TestMethodWorker.java:176)
at org.testng.internal.TestMethodWorker.run(TestMethodWorker.java:122)
at java.util.ArrayList.forEach(ArrayList.java:1259)
at org.testng.TestRunner.privateRun(TestRunner.java:764)
at org.testng.TestRunner.run(TestRunner.java:585)
at org.testng.SuiteRunner.runTest(SuiteRunner.java:384)
at org.testng.SuiteRunner.access$000(SuiteRunner.java:28)
at org.testng.SuiteRunner$SuiteWorker.run(SuiteRunner.java:425)
at org.testng.internal.thread.ThreadUtil.lambda$execute$0(ThreadUtil.java:66)
at java.util.concurrent.FutureTask.run(FutureTask.java:266)
at java.util.concurrent.ThreadPoolExecutor.runWorker(ThreadPoolExecutor.java:1149)
at java.util.concurrent.ThreadPoolExecutor$Worker.run(ThreadPoolExecutor.java:624)
at java.lang.Thread.run(Thread.java:748)
Caused by: java.lang.AssertionError: Login Error message found - Incorrect IBMid or password. Please try again!
at org.testng.Assert.fail(Assert.java:99)
at com.pom.steps.login.LoginSteps.checkForLoginErrors_aroundBody8(LoginSteps.java:51)
at com.pom.steps.login.LoginSteps$AjcClosure9.run(LoginSteps.java:1)
at org.aspectj.runtime.reflect.JoinPointImpl.proceed(JoinPointImpl.java:167)
at com.automacent.fwk.execution.StepAndActionCompiler.aroundStepCompilerAspect(StepAndActionCompiler.java:115)
... 27 more
]]>
    </error>
  </testcase> <!-- login -->
  <system-out>
<div style='color: black; font-size: small; border-bottom: solid 1px silver;'>2021-Jul-05 14:57:44,094 : &nbsp;login (uiautomcmpuser@outlook.com, Automcmpuser@000)</div> <div style='color: black; font-size: small; border-botton: none;'>2021-Jul-05 14:57:44,094 : &nbsp;&nbsp;&nbsp;&nbsp;&nbsp;&nbsp;&nbsp;confirm login page is loaded</div> <div style='color: black; font-size: small; border-botton: none;'>2021-Jul-05 14:57:44,095 : &nbsp;&nbsp;&nbsp;&nbsp;&nbsp;&nbsp;&nbsp;&nbsp;&nbsp;&nbsp;&nbsp;validate login page is loaded</div> <div style='color: black; font-size: small; border-botton: none;'>2021-Jul-05 14:57:44,096 : &nbsp;&nbsp;&nbsp;&nbsp;&nbsp;&nbsp;&nbsp;&nbsp;&nbsp;&nbsp;&nbsp;&nbsp;&nbsp;&nbsp;&nbsp;is user name field found?</div> <div style='color: black; font-size: small; border-botton: none;'>2021-Jul-05 14:57:44,104 : &nbsp;&nbsp;&nbsp;&nbsp;&nbsp;&nbsp;&nbsp;&nbsp;&nbsp;&nbsp;&nbsp;&nbsp;&nbsp;&nbsp;&nbsp;&nbsp;&nbsp;&nbsp;&nbsp;proxy element located (webelement)</div> <div style='color: black; font-size: small; border-botton: none;'>2021-Jul-05 14:57:44,324 : &nbsp;&nbsp;&nbsp;&nbsp;&nbsp;&nbsp;&nbsp;&nbsp;&nbsp;&nbsp;&nbsp;&nbsp;&nbsp;&nbsp;&nbsp;&nbsp;&nbsp;&nbsp;&nbsp;AFTER_ACTION screenshot --&gt;<a href='..\screenshots\itr_com.mcmp.tests.orderIntegration.vra.e2e.e2eCentOS77CompositeVRA82_0\scr2.png'><img src='..\screenshots\itr_com.mcmp.tests.orderIntegration.vra.e2e.e2eCentOS77CompositeVRA82_0\scr2.png' style='height:25%; width:25%;' alt='itr_com.mcmp.tests.orderIntegration.vra.e2e.e2eCentOS77CompositeVRA82_0'/></a></div> <div style='color: black; font-size: small; border-botton: none;'>2021-Jul-05 14:57:44,324 : &nbsp;&nbsp;&nbsp;&nbsp;&nbsp;&nbsp;&nbsp;&nbsp;&nbsp;&nbsp;&nbsp;&nbsp;&nbsp;&nbsp;&nbsp;&nbsp;&nbsp;&nbsp;&nbsp;Is Screenshot taken true</div> <div style='color: black; font-size: small; border-botton: none;'>2021-Jul-05 14:57:44,447 : &nbsp;&nbsp;&nbsp;&nbsp;&nbsp;&nbsp;&nbsp;&nbsp;&nbsp;&nbsp;&nbsp;&nbsp;&nbsp;&nbsp;&nbsp;is user name field found? true</div> <div style='color: black; font-size: small; border-botton: none;'>2021-Jul-05 14:57:44,693 : &nbsp;&nbsp;&nbsp;&nbsp;&nbsp;&nbsp;&nbsp;&nbsp;&nbsp;&nbsp;&nbsp;&nbsp;&nbsp;&nbsp;&nbsp;AFTER_ACTION screenshot --&gt;<a href='..\screenshots\itr_com.mcmp.tests.orderIntegration.vra.e2e.e2eCentOS77CompositeVRA82_0\scr4.png'><img src='..\screenshots\itr_com.mcmp.tests.orderIntegration.vra.e2e.e2eCentOS77CompositeVRA82_0\scr4.png' style='height:25%; width:25%;' alt='itr_com.mcmp.tests.orderIntegration.vra.e2e.e2eCentOS77CompositeVRA82_0'/></a></div> <div style='color: black; font-size: small; border-botton: none;'>2021-Jul-05 14:57:44,694 : &nbsp;&nbsp;&nbsp;&nbsp;&nbsp;&nbsp;&nbsp;&nbsp;&nbsp;&nbsp;&nbsp;&nbsp;&nbsp;&nbsp;&nbsp;Is Screenshot taken true</div> <div style='color: black; font-size: small; border-botton: none;'>2021-Jul-05 14:57:44,695 : &nbsp;&nbsp;&nbsp;&nbsp;&nbsp;&nbsp;&nbsp;&nbsp;&nbsp;&nbsp;&nbsp;&nbsp;&nbsp;&nbsp;&nbsp;is continue button found?</div> <div style='color: black; font-size: small; border-botton: none;'>2021-Jul-05 14:57:44,707 : &nbsp;&nbsp;&nbsp;&nbsp;&nbsp;&nbsp;&nbsp;&nbsp;&nbsp;&nbsp;&nbsp;&nbsp;&nbsp;&nbsp;&nbsp;&nbsp;&nbsp;&nbsp;&nbsp;proxy element located (webelement)</div> <div style='color: black; font-size: small; border-botton: none;'>2021-Jul-05 14:57:44,936 : &nbsp;&nbsp;&nbsp;&nbsp;&nbsp;&nbsp;&nbsp;&nbsp;&nbsp;&nbsp;&nbsp;&nbsp;&nbsp;&nbsp;&nbsp;&nbsp;&nbsp;&nbsp;&nbsp;AFTER_ACTION screenshot --&gt;<a href='..\screenshots\itr_com.mcmp.tests.orderIntegration.vra.e2e.e2eCentOS77CompositeVRA82_0\scr6.png'><img src='..\screenshots\itr_com.mcmp.tests.orderIntegration.vra.e2e.e2eCentOS77CompositeVRA82_0\scr6.png' style='height:25%; width:25%;' alt='itr_com.mcmp.tests.orderIntegration.vra.e2e.e2eCentOS77CompositeVRA82_0'/></a></div> <div style='color: black; font-size: small; border-botton: none;'>2021-Jul-05 14:57:44,936 : &nbsp;&nbsp;&nbsp;&nbsp;&nbsp;&nbsp;&nbsp;&nbsp;&nbsp;&nbsp;&nbsp;&nbsp;&nbsp;&nbsp;&nbsp;&nbsp;&nbsp;&nbsp;&nbsp;Is Screenshot taken true</div> <div style='color: black; font-size: small; border-botton: none;'>2021-Jul-05 14:57:45,068 : &nbsp;&nbsp;&nbsp;&nbsp;&nbsp;&nbsp;&nbsp;&nbsp;&nbsp;&nbsp;&nbsp;&nbsp;&nbsp;&nbsp;&nbsp;is continue button found? true</div> <div style='color: black; font-size: small; border-botton: none;'>2021-Jul-05 14:57:45,269 : &nbsp;&nbsp;&nbsp;&nbsp;&nbsp;&nbsp;&nbsp;&nbsp;&nbsp;&nbsp;&nbsp;&nbsp;&nbsp;&nbsp;&nbsp;AFTER_ACTION screenshot --&gt;<a href='..\screenshots\itr_com.mcmp.tests.orderIntegration.vra.e2e.e2eCentOS77CompositeVRA82_0\scr8.png'><img src='..\screenshots\itr_com.mcmp.tests.orderIntegration.vra.e2e.e2eCentOS77CompositeVRA82_0\scr8.png' style='height:25%; width:25%;' alt='itr_com.mcmp.tests.orderIntegration.vra.e2e.e2eCentOS77CompositeVRA82_0'/></a></div> <div style='color: black; font-size: small; border-botton: none;'>2021-Jul-05 14:57:45,269 : &nbsp;&nbsp;&nbsp;&nbsp;&nbsp;&nbsp;&nbsp;&nbsp;&nbsp;&nbsp;&nbsp;&nbsp;&nbsp;&nbsp;&nbsp;Is Screenshot taken true</div> <div style='color: black; font-size: small; border-botton: none;'>2021-Jul-05 14:57:45,270 : &nbsp;&nbsp;&nbsp;&nbsp;&nbsp;&nbsp;&nbsp;perform login (uiautomcmpuser@outlook.com, Automcmpuser@000)</div> <div style='color: black; font-size: small; border-botton: none;'>2021-Jul-05 14:57:45,271 : &nbsp;&nbsp;&nbsp;&nbsp;&nbsp;&nbsp;&nbsp;&nbsp;&nbsp;&nbsp;&nbsp;enter user name (uiautomcmpuser@outlook.com)</div> <div style='color: black; font-size: small; border-botton: none;'>2021-Jul-05 14:57:45,651 : &nbsp;&nbsp;&nbsp;&nbsp;&nbsp;&nbsp;&nbsp;&nbsp;&nbsp;&nbsp;&nbsp;AFTER_ACTION screenshot --&gt;<a href='..\screenshots\itr_com.mcmp.tests.orderIntegration.vra.e2e.e2eCentOS77CompositeVRA82_0\scr10.png'><img src='..\screenshots\itr_com.mcmp.tests.orderIntegration.vra.e2e.e2eCentOS77CompositeVRA82_0\scr10.png' style='height:25%; width:25%;' alt='itr_com.mcmp.tests.orderIntegration.vra.e2e.e2eCentOS77CompositeVRA82_0'/></a></div> <div style='color: black; font-size: small; border-botton: none;'>2021-Jul-05 14:57:45,652 : &nbsp;&nbsp;&nbsp;&nbsp;&nbsp;&nbsp;&nbsp;&nbsp;&nbsp;&nbsp;&nbsp;Is Screenshot taken true</div> <div style='color: black; font-size: small; border-botton: none;'>2021-Jul-05 14:57:45,654 : &nbsp;&nbsp;&nbsp;&nbsp;&nbsp;&nbsp;&nbsp;&nbsp;&nbsp;&nbsp;&nbsp;validate user name credentials (uiautomcmpuser@outlook.com)</div> <div style='color: black; font-size: small; border-botton: none;'>2021-Jul-05 14:57:45,655 : &nbsp;&nbsp;&nbsp;&nbsp;&nbsp;&nbsp;&nbsp;&nbsp;&nbsp;&nbsp;&nbsp;&nbsp;&nbsp;&nbsp;&nbsp;get user name</div> <div style='color: black; font-size: small; border-botton: none;'>2021-Jul-05 14:57:45,849 : &nbsp;&nbsp;&nbsp;&nbsp;&nbsp;&nbsp;&nbsp;&nbsp;&nbsp;&nbsp;&nbsp;&nbsp;&nbsp;&nbsp;&nbsp;AFTER_ACTION screenshot --&gt;<a href='..\screenshots\itr_com.mcmp.tests.orderIntegration.vra.e2e.e2eCentOS77CompositeVRA82_0\scr12.png'><img src='..\screenshots\itr_com.mcmp.tests.orderIntegration.vra.e2e.e2eCentOS77CompositeVRA82_0\scr12.png' style='height:25%; width:25%;' alt='itr_com.mcmp.tests.orderIntegration.vra.e2e.e2eCentOS77CompositeVRA82_0'/></a></div> <div style='color: black; font-size: small; border-botton: none;'>2021-Jul-05 14:57:45,849 : &nbsp;&nbsp;&nbsp;&nbsp;&nbsp;&nbsp;&nbsp;&nbsp;&nbsp;&nbsp;&nbsp;&nbsp;&nbsp;&nbsp;&nbsp;Is Screenshot taken true</div> <div style='color: black; font-size: small; border-botton: none;'>2021-Jul-05 14:57:45,850 : &nbsp;&nbsp;&nbsp;&nbsp;&nbsp;&nbsp;&nbsp;&nbsp;&nbsp;&nbsp;&nbsp;click continue button</div> <div style='color: black; font-size: small; border-botton: none;'>2021-Jul-05 14:57:46,169 : &nbsp;&nbsp;&nbsp;&nbsp;&nbsp;&nbsp;&nbsp;&nbsp;&nbsp;&nbsp;&nbsp;AFTER_ACTION screenshot --&gt;<a href='..\screenshots\itr_com.mcmp.tests.orderIntegration.vra.e2e.e2eCentOS77CompositeVRA82_0\scr14.png'><img src='..\screenshots\itr_com.mcmp.tests.orderIntegration.vra.e2e.e2eCentOS77CompositeVRA82_0\scr14.png' style='height:25%; width:25%;' alt='itr_com.mcmp.tests.orderIntegration.vra.e2e.e2eCentOS77CompositeVRA82_0'/></a></div> <div style='color: black; font-size: small; border-botton: none;'>2021-Jul-05 14:57:46,169 : &nbsp;&nbsp;&nbsp;&nbsp;&nbsp;&nbsp;&nbsp;&nbsp;&nbsp;&nbsp;&nbsp;Is Screenshot taken true</div> <div style='color: black; font-size: small; border-botton: none;'>2021-Jul-05 14:57:46,169 : &nbsp;&nbsp;&nbsp;&nbsp;&nbsp;&nbsp;&nbsp;&nbsp;&nbsp;&nbsp;&nbsp;enter password (Automcmpuser@000)</div> <div style='color: black; font-size: small; border-botton: none;'>2021-Jul-05 14:57:46,595 : &nbsp;&nbsp;&nbsp;&nbsp;&nbsp;&nbsp;&nbsp;&nbsp;&nbsp;&nbsp;&nbsp;AFTER_ACTION screenshot --&gt;<a href='..\screenshots\itr_com.mcmp.tests.orderIntegration.vra.e2e.e2eCentOS77CompositeVRA82_0\scr16.png'><img src='..\screenshots\itr_com.mcmp.tests.orderIntegration.vra.e2e.e2eCentOS77CompositeVRA82_0\scr16.png' style='height:25%; width:25%;' alt='itr_com.mcmp.tests.orderIntegration.vra.e2e.e2eCentOS77CompositeVRA82_0'/></a></div> <div style='color: black; font-size: small; border-botton: none;'>2021-Jul-05 14:57:46,595 : &nbsp;&nbsp;&nbsp;&nbsp;&nbsp;&nbsp;&nbsp;&nbsp;&nbsp;&nbsp;&nbsp;Is Screenshot taken true</div> <div style='color: black; font-size: small; border-botton: none;'>2021-Jul-05 14:57:46,596 : &nbsp;&nbsp;&nbsp;&nbsp;&nbsp;&nbsp;&nbsp;&nbsp;&nbsp;&nbsp;&nbsp;validate password credentials (Automcmpuser@000)</div> <div style='color: black; font-size: small; border-botton: none;'>2021-Jul-05 14:57:46,597 : &nbsp;&nbsp;&nbsp;&nbsp;&nbsp;&nbsp;&nbsp;&nbsp;&nbsp;&nbsp;&nbsp;&nbsp;&nbsp;&nbsp;&nbsp;get password</div> <div style='color: black; font-size: small; border-botton: none;'>2021-Jul-05 14:57:46,796 : &nbsp;&nbsp;&nbsp;&nbsp;&nbsp;&nbsp;&nbsp;&nbsp;&nbsp;&nbsp;&nbsp;&nbsp;&nbsp;&nbsp;&nbsp;AFTER_ACTION screenshot --&gt;<a href='..\screenshots\itr_com.mcmp.tests.orderIntegration.vra.e2e.e2eCentOS77CompositeVRA82_0\scr18.png'><img src='..\screenshots\itr_com.mcmp.tests.orderIntegration.vra.e2e.e2eCentOS77CompositeVRA82_0\scr18.png' style='height:25%; width:25%;' alt='itr_com.mcmp.tests.orderIntegration.vra.e2e.e2eCentOS77CompositeVRA82_0'/></a></div> <div style='color: black; font-size: small; border-botton: none;'>2021-Jul-05 14:57:46,797 : &nbsp;&nbsp;&nbsp;&nbsp;&nbsp;&nbsp;&nbsp;&nbsp;&nbsp;&nbsp;&nbsp;&nbsp;&nbsp;&nbsp;&nbsp;Is Screenshot taken true</div> <div style='color: black; font-size: small; border-botton: none;'>2021-Jul-05 14:57:46,798 : &nbsp;&nbsp;&nbsp;&nbsp;&nbsp;&nbsp;&nbsp;&nbsp;&nbsp;&nbsp;&nbsp;click login button</div> <div style='color: black; font-size: small; border-botton: none;'>2021-Jul-05 14:57:47,942 : &nbsp;&nbsp;&nbsp;&nbsp;&nbsp;&nbsp;&nbsp;&nbsp;&nbsp;&nbsp;&nbsp;AFTER_ACTION screenshot --&gt;<a href='..\screenshots\itr_com.mcmp.tests.orderIntegration.vra.e2e.e2eCentOS77CompositeVRA82_0\scr20.png'><img src='..\screenshots\itr_com.mcmp.tests.orderIntegration.vra.e2e.e2eCentOS77CompositeVRA82_0\scr20.png' style='height:25%; width:25%;' alt='itr_com.mcmp.tests.orderIntegration.vra.e2e.e2eCentOS77CompositeVRA82_0'/></a></div> <div style='color: black; font-size: small; border-botton: none;'>2021-Jul-05 14:57:47,942 : &nbsp;&nbsp;&nbsp;&nbsp;&nbsp;&nbsp;&nbsp;&nbsp;&nbsp;&nbsp;&nbsp;Is Screenshot taken true</div> <div style='color: black; font-size: small; border-botton: none;'>2021-Jul-05 14:57:47,942 : &nbsp;&nbsp;&nbsp;&nbsp;&nbsp;&nbsp;&nbsp;check for login errors</div> <div style='color: black; font-size: small; border-botton: none;'>2021-Jul-05 14:57:47,943 : &nbsp;&nbsp;&nbsp;&nbsp;&nbsp;&nbsp;&nbsp;&nbsp;&nbsp;&nbsp;&nbsp;is login error found?</div> <div style='color: black; font-size: small; border-botton: none;'>2021-Jul-05 14:57:47,954 : &nbsp;&nbsp;&nbsp;&nbsp;&nbsp;&nbsp;&nbsp;&nbsp;&nbsp;&nbsp;&nbsp;&nbsp;&nbsp;&nbsp;&nbsp;proxy element located (webelement)</div> <div style='color: black; font-size: small; border-botton: none;'>2021-Jul-05 14:57:48,142 : &nbsp;&nbsp;&nbsp;&nbsp;&nbsp;&nbsp;&nbsp;&nbsp;&nbsp;&nbsp;&nbsp;&nbsp;&nbsp;&nbsp;&nbsp;AFTER_ACTION screenshot --&gt;<a href='..\screenshots\itr_com.mcmp.tests.orderIntegration.vra.e2e.e2eCentOS77CompositeVRA82_0\scr22.png'><img src='..\screenshots\itr_com.mcmp.tests.orderIntegration.vra.e2e.e2eCentOS77CompositeVRA82_0\scr22.png' style='height:25%; width:25%;' alt='itr_com.mcmp.tests.orderIntegration.vra.e2e.e2eCentOS77CompositeVRA82_0'/></a></div> <div style='color: black; font-size: small; border-botton: none;'>2021-Jul-05 14:57:48,142 : &nbsp;&nbsp;&nbsp;&nbsp;&nbsp;&nbsp;&nbsp;&nbsp;&nbsp;&nbsp;&nbsp;&nbsp;&nbsp;&nbsp;&nbsp;Is Screenshot taken true</div> <div style='color: black; font-size: small; border-botton: none;'>2021-Jul-05 14:57:48,222 : &nbsp;&nbsp;&nbsp;&nbsp;&nbsp;&nbsp;&nbsp;&nbsp;&nbsp;&nbsp;&nbsp;Stale Element Reference Exception occurred</div> <div style='color: black; font-size: small; border-botton: none;'>2021-Jul-05 14:57:58,231 : &nbsp;&nbsp;&nbsp;&nbsp;&nbsp;&nbsp;&nbsp;&nbsp;&nbsp;&nbsp;&nbsp;Attempting to re-initialize page object</div> <div style='color: black; font-size: small; border-botton: none;'>2021-Jul-05 14:57:58,376 : &nbsp;&nbsp;&nbsp;&nbsp;&nbsp;&nbsp;&nbsp;&nbsp;&nbsp;&nbsp;&nbsp;Reinitialized page object</div> <div style='color: black; font-size: small; border-botton: none;'>2021-Jul-05 14:57:58,377 : &nbsp;&nbsp;&nbsp;&nbsp;&nbsp;&nbsp;&nbsp;&nbsp;&nbsp;&nbsp;&nbsp;Retrying action</div> <div style='color: black; font-size: small; border-botton: none;'>2021-Jul-05 14:57:58,389 : &nbsp;&nbsp;&nbsp;&nbsp;&nbsp;&nbsp;&nbsp;&nbsp;&nbsp;&nbsp;&nbsp;&nbsp;&nbsp;&nbsp;&nbsp;proxy element located (webelement)</div> <div style='color: black; font-size: small; border-botton: none;'>2021-Jul-05 14:57:58,543 : &nbsp;&nbsp;&nbsp;&nbsp;&nbsp;&nbsp;&nbsp;&nbsp;&nbsp;&nbsp;&nbsp;&nbsp;&nbsp;&nbsp;&nbsp;AFTER_ACTION screenshot --&gt;<a href='..\screenshots\itr_com.mcmp.tests.orderIntegration.vra.e2e.e2eCentOS77CompositeVRA82_0\scr24.png'><img src='..\screenshots\itr_com.mcmp.tests.orderIntegration.vra.e2e.e2eCentOS77CompositeVRA82_0\scr24.png' style='height:25%; width:25%;' alt='itr_com.mcmp.tests.orderIntegration.vra.e2e.e2eCentOS77CompositeVRA82_0'/></a></div> <div style='color: black; font-size: small; border-botton: none;'>2021-Jul-05 14:57:58,544 : &nbsp;&nbsp;&nbsp;&nbsp;&nbsp;&nbsp;&nbsp;&nbsp;&nbsp;&nbsp;&nbsp;&nbsp;&nbsp;&nbsp;&nbsp;Is Screenshot taken true</div> <div style='color: black; font-size: small; border-botton: none;'>2021-Jul-05 14:57:58,607 : &nbsp;&nbsp;&nbsp;&nbsp;&nbsp;&nbsp;&nbsp;&nbsp;&nbsp;&nbsp;&nbsp;is login error found? true</div> <div style='color: black; font-size: small; border-botton: none;'>2021-Jul-05 14:57:58,733 : &nbsp;&nbsp;&nbsp;&nbsp;&nbsp;&nbsp;&nbsp;&nbsp;&nbsp;&nbsp;&nbsp;AFTER_ACTION screenshot --&gt;<a href='..\screenshots\itr_com.mcmp.tests.orderIntegration.vra.e2e.e2eCentOS77CompositeVRA82_0\scr26.png'><img src='..\screenshots\itr_com.mcmp.tests.orderIntegration.vra.e2e.e2eCentOS77CompositeVRA82_0\scr26.png' style='height:25%; width:25%;' alt='itr_com.mcmp.tests.orderIntegration.vra.e2e.e2eCentOS77CompositeVRA82_0'/></a></div> <div style='color: black; font-size: small; border-botton: none;'>2021-Jul-05 14:57:58,733 : &nbsp;&nbsp;&nbsp;&nbsp;&nbsp;&nbsp;&nbsp;&nbsp;&nbsp;&nbsp;&nbsp;Is Screenshot taken true</div> <div style='color: black; font-size: small; border-botton: none;'>2021-Jul-05 14:57:58,733 : &nbsp;&nbsp;&nbsp;&nbsp;&nbsp;&nbsp;&nbsp;&nbsp;&nbsp;&nbsp;&nbsp;get login error message</div> <div style='color: black; font-size: small; border-botton: none;'>2021-Jul-05 14:57:58,934 : &nbsp;&nbsp;&nbsp;&nbsp;&nbsp;&nbsp;&nbsp;&nbsp;&nbsp;&nbsp;&nbsp;AFTER_ACTION screenshot --&gt;<a href='..\screenshots\itr_com.mcmp.tests.orderIntegration.vra.e2e.e2eCentOS77CompositeVRA82_0\scr28.png'><img src='..\screenshots\itr_com.mcmp.tests.orderIntegration.vra.e2e.e2eCentOS77CompositeVRA82_0\scr28.png' style='height:25%; width:25%;' alt='itr_com.mcmp.tests.orderIntegration.vra.e2e.e2eCentOS77CompositeVRA82_0'/></a></div> <div style='color: black; font-size: small; border-botton: none;'>2021-Jul-05 14:57:58,934 : &nbsp;&nbsp;&nbsp;&nbsp;&nbsp;&nbsp;&nbsp;&nbsp;&nbsp;&nbsp;&nbsp;Is Screenshot taken true</div> <div style='color: #D20000; font-size: small; border-botton: none;'>2021-Jul-05 14:57:58,935 : &nbsp;&nbsp;&nbsp;login failed<br/>[@Step check for login errors] Login Error message found - Incorrect IBMid or password. Please try again!</div> <div style='color: #D20000; font-size: small; border-botton: none;'>2021-Jul-05 14:57:58,935 : Test failed : [@Step check for login errors] Login Error message found - Incorrect IBMid or password. Please try again!</div> <div style='color: black; font-size: small; border-botton: none;'>2021-Jul-05 14:57:59,092 : &nbsp;&nbsp;&nbsp;<a href='..\screenshots\itr_com.mcmp.tests.orderIntegration.vra.e2e.e2eCentOS77CompositeVRA82_0\scr30.png'><img src='..\screenshots\itr_com.mcmp.tests.orderIntegration.vra.e2e.e2eCentOS77CompositeVRA82_0\scr30.png' style='height:25%; width:25%;' alt='itr_com.mcmp.tests.orderIntegration.vra.e2e.e2eCentOS77CompositeVRA82_0'/></a></div> <div style='color: black; font-size: small; border-botton: none;'>2021-Jul-05 14:57:59,092 : &nbsp;&nbsp;&nbsp;Is Screenshot taken true</div>  </system-out>
</testsuite> <!-- com.mcmp.tests.orderIntegration.vra.e2e.e2eCentOS77CompositeVRA82 -->
